<?xml version="1.0" encoding="UTF-8"?>
<!-- Generated by org.testng.reporters.JUnitXMLReporter -->
<testsuite ignored="0" hostname="JAGADEESH" failures="1" tests="1" name="Invalidlogintest" time="0.324" errors="0" timestamp="2023-02-07T18:59:10 IST">
  <testcase classname="Test.cucumberframework.LoginWithInvalidDataUsingExcel" name="LoginWithInvalidData1" time="0.082">
    <failure type="java.lang.AssertionError" message="Error message is not validated properly expected [Invalid email or password] but found []">
      <![CDATA[java.lang.AssertionError: Error message is not validated properly expected [Invalid email or password] but found []
at Test.cucumberframework.LoginWithInvalidDataUsingExcel.LoginWithInvalidData1(LoginWithInvalidDataUsingExcel.java:46)
at java.base/java.util.ArrayList.forEach(ArrayList.java:1511)
... Removed 32 stack frames]]>
    </failure>
  </testcase> <!-- LoginWithInvalidData1 -->
</testsuite> <!-- Invalidlogintest -->
