<?xml version="1.0" encoding="UTF-8"?>
<testng-results ignored="0" total="3" passed="3" failed="0" skipped="0">
  <reporter-output>
  </reporter-output>
  <suite started-at="2023-02-14T06:39:33Z" name="Testing_Suite" finished-at="2023-02-14T06:41:13Z" duration-ms="99660">
    <groups>
      <group name="cucumber">
        <method signature="AbstractTestNGCucumberTests.runScenario(io.cucumber.testng.PickleWrapper, io.cucumber.testng.FeatureWrapper)[pri:0, instance:Test.cucumberframework.TestRunner@636be97c]" name="runScenario" class="io.cucumber.testng.AbstractTestNGCucumberTests"/>
      </group> <!-- cucumber -->
    </groups>
    <test started-at="2023-02-14T06:39:33Z" name="CucumberTest" finished-at="2023-02-14T06:41:13Z" duration-ms="99660">
      <class name="Test.cucumberframework.TestRunner">
        <test-method is-config="true" signature="setUpClass(org.testng.ITestContext)[pri:0, instance:Test.cucumberframework.TestRunner@636be97c]" started-at="2023-02-14T12:09:33Z" name="setUpClass" finished-at="2023-02-14T12:09:39Z" duration-ms="6275" status="PASS">
          <params>
            <param index="0">
              <value>
                <![CDATA[org.testng.TestRunner@5cc1bf20]]>
              </value>
            </param>
          </params>
          <reporter-output>
          </reporter-output>
        </test-method> <!-- setUpClass -->
        <test-method signature="runScenario(io.cucumber.testng.PickleWrapper, io.cucumber.testng.FeatureWrapper)[pri:0, instance:Test.cucumberframework.TestRunner@636be97c]" started-at="2023-02-14T12:09:39Z" name="runScenario" description="Runs Cucumber Scenarios" data-provider="scenarios" finished-at="2023-02-14T12:10:35Z" duration-ms="55732" status="PASS">
          <params>
            <param index="0">
              <value>
                <![CDATA["User should not login with invalid data"]]>
              </value>
            </param>
            <param index="1">
              <value>
                <![CDATA["Optional[This feature about login test case]"]]>
              </value>
            </param>
          </params>
          <reporter-output>
          </reporter-output>
        </test-method> <!-- runScenario -->
        <test-method signature="runScenario(io.cucumber.testng.PickleWrapper, io.cucumber.testng.FeatureWrapper)[pri:0, instance:Test.cucumberframework.TestRunner@636be97c]" started-at="2023-02-14T12:10:35Z" name="runScenario" description="Runs Cucumber Scenarios" data-provider="scenarios" finished-at="2023-02-14T12:10:53Z" duration-ms="17557" status="PASS">
          <params>
            <param index="0">
              <value>
                <![CDATA["User should not login with invalid data"]]>
              </value>
            </param>
            <param index="1">
              <value>
                <![CDATA["Optional[This feature about login test case]"]]>
              </value>
            </param>
          </params>
          <reporter-output>
          </reporter-output>
        </test-method> <!-- runScenario -->
        <test-method signature="runScenario(io.cucumber.testng.PickleWrapper, io.cucumber.testng.FeatureWrapper)[pri:0, instance:Test.cucumberframework.TestRunner@636be97c]" started-at="2023-02-14T12:10:53Z" name="runScenario" description="Runs Cucumber Scenarios" data-provider="scenarios" finished-at="2023-02-14T12:11:09Z" duration-ms="16763" status="PASS">
          <params>
            <param index="0">
              <value>
                <![CDATA["User should not login with invalid data"]]>
              </value>
            </param>
            <param index="1">
              <value>
                <![CDATA["Optional[This feature about login test case]"]]>
              </value>
            </param>
          </params>
          <reporter-output>
          </reporter-output>
        </test-method> <!-- runScenario -->
        <test-method is-config="true" signature="tearDownClass()[pri:0, instance:Test.cucumberframework.TestRunner@636be97c]" started-at="2023-02-14T12:11:09Z" name="tearDownClass" finished-at="2023-02-14T12:11:13Z" duration-ms="3230" status="PASS">
          <reporter-output>
          </reporter-output>
        </test-method> <!-- tearDownClass -->
      </class> <!-- Test.cucumberframework.TestRunner -->
    </test> <!-- CucumberTest -->
  </suite> <!-- Testing_Suite -->
</testng-results>
